c:\dev\texter\bin\debug\vc141.pdb
c:\dev\texter\bin\debug\vc141.idb
c:\dev\texter\bin\debug\vertexbuffer.obj
c:\dev\texter\bin\debug\vertexarray.obj
c:\dev\texter\bin\debug\vertexhelpers.obj
c:\dev\texter\bin\debug\vertexbufferdescription.obj
c:\dev\texter\bin\debug\vertexarrayobject.obj
c:\dev\texter\bin\debug\stb_image.obj
c:\dev\texter\bin\debug\texturebase.obj
c:\dev\texter\bin\debug\shadercore.obj
c:\dev\texter\bin\debug\renderer.obj
c:\dev\texter\bin\debug\indiceshelpers.obj
c:\dev\texter\bin\debug\shader.obj
c:\dev\texter\bin\debug\indexbufferhelpers.obj
c:\dev\texter\bin\debug\main.obj
c:\dev\texter\bin\debug\texture.obj
c:\dev\texter\bin\debug\shaderbase.obj
c:\dev\texter\bin\debug\texturehelpers.obj
c:\dev\texter\debug\texter.exe
c:\dev\texter\debug\texter.ilk
c:\dev\texter\debug\texter.pdb
c:\dev\texter\bin\debug\texter.tlog\cl.command.1.tlog
c:\dev\texter\bin\debug\texter.tlog\cl.read.1.tlog
c:\dev\texter\bin\debug\texter.tlog\cl.write.1.tlog
c:\dev\texter\bin\debug\texter.tlog\link.command.1.tlog
c:\dev\texter\bin\debug\texter.tlog\link.read.1.tlog
c:\dev\texter\bin\debug\texter.tlog\link.write.1.tlog
